This file contains any messages produced by compilers while
running configure, to aid debugging if configure makes a mistake.

It was created by matrix_subgroup_finder configure 1.0, which was
generated by GNU Autoconf 2.69.  Invocation command line was

  $ ./configure 

## --------- ##
## Platform. ##
## --------- ##

hostname = Roberts-MacBook-Air-3.local
uname -m = x86_64
uname -r = 13.4.0
uname -s = Darwin
uname -v = Darwin Kernel Version 13.4.0: Sun Aug 17 19:50:11 PDT 2014; root:xnu-2422.115.4~1/RELEASE_X86_64

/usr/bin/uname -p = i386
/bin/uname -X     = unknown

/bin/arch              = unknown
/usr/bin/arch -k       = unknown
/usr/convex/getsysinfo = unknown
/usr/bin/hostinfo      = Mach kernel version:
	 Darwin Kernel Version 13.4.0: Sun Aug 17 19:50:11 PDT 2014; root:xnu-2422.115.4~1/RELEASE_X86_64
Kernel configured for up to 4 processors.
2 processors are physically available.
4 processors are logically available.
Processor type: i486 (Intel 80486)
Processors active: 0 1 2 3
Primary memory available: 8.00 gigabytes
Default processor set: 297 tasks, 1609 threads, 4 processors
Load average: 1.54, Mach factor: 2.45
/bin/machine           = unknown
/usr/bin/oslevel       = unknown
/bin/universe          = unknown

PATH: /Users/robertk/.rvm/gems/ruby-2.2.2/bin
PATH: /Users/robertk/.rvm/gems/ruby-2.2.2@global/bin
PATH: /Users/robertk/.rvm/rubies/ruby-2.2.2/bin
PATH: /Users/robertk/.Renv/shims
PATH: /usr/local/bin
PATH: /usr/bin
PATH: /bin
PATH: /usr/sbin
PATH: /sbin
PATH: /usr/local/bin
PATH: /opt/X11/bin
PATH: /usr/local/git/bin
PATH: /usr/texbin
PATH: /opt/local/bin
PATH: /opt/local/sbin
PATH: /usr/local/heroku/bin
PATH: /Users/robertk/dev/goground/bin
PATH: /Applications/Julia-0.2.0.app/Contents/Resources/julia/bin
PATH: /usr/local/ElasticLoadBalancing/bin
PATH: /Users/robertk/.tmuxifier/bin
PATH: /usr/local/ElasticBeanStalk/bin
PATH: /usr/local/ElasticBeanStalk
PATH: /Users/robertk/dev/threemanchess/node_modules/grunt-cli/bin
PATH: /Users/robertk/.rvm/gems/ruby-2.0.0-p451@avant_basic/bin/tmuxinator
PATH: /usr/local/bin/eb
PATH: /Users/robertk/dev/tmp/kona/k
PATH: /Users/robertk/.Renv/bin
PATH: /Users/robertk/.rvm/bin


## ----------- ##
## Core tests. ##
## ----------- ##

configure:1882: checking for a BSD-compatible install
configure:1950: result: /usr/bin/install -c
configure:1961: checking whether build environment is sane
configure:2016: result: yes
configure:2167: checking for a thread-safe mkdir -p
configure:2206: result: ./install-sh -c -d
configure:2213: checking for gawk
configure:2243: result: no
configure:2213: checking for mawk
configure:2243: result: no
configure:2213: checking for nawk
configure:2243: result: no
configure:2213: checking for awk
configure:2229: found /usr/bin/awk
configure:2240: result: awk
configure:2251: checking whether make sets $(MAKE)
configure:2273: result: yes
configure:2302: checking whether make supports nested variables
configure:2319: result: yes
configure:2499: checking for gcc
configure:2515: found /usr/local/bin/gcc
configure:2526: result: gcc
configure:2755: checking for C compiler version
configure:2764: gcc --version >&5
gcc (GCC) 4.9.1
Copyright (C) 2014 Free Software Foundation, Inc.
This is free software; see the source for copying conditions.  There is NO
warranty; not even for MERCHANTABILITY or FITNESS FOR A PARTICULAR PURPOSE.

configure:2775: $? = 0
configure:2764: gcc -v >&5
Using built-in specs.
COLLECT_GCC=gcc
COLLECT_LTO_WRAPPER=/usr/local/libexec/gcc/x86_64-apple-darwin13.4.0/4.9.1/lto-wrapper
Target: x86_64-apple-darwin13.4.0
Configured with: ../gcc-4.9.1/configure --enable-languages=c++,fortran
Thread model: posix
gcc version 4.9.1 (GCC) 
configure:2775: $? = 0
configure:2764: gcc -V >&5
gcc: error: unrecognized command line option '-V'
gcc: fatal error: no input files
compilation terminated.
configure:2775: $? = 1
configure:2764: gcc -qversion >&5
gcc: error: unrecognized command line option '-qversion'
gcc: fatal error: no input files
compilation terminated.
configure:2775: $? = 1
configure:2795: checking whether the C compiler works
configure:2817: gcc    conftest.c  >&5
configure:2821: $? = 0
configure:2869: result: yes
configure:2872: checking for C compiler default output file name
configure:2874: result: a.out
configure:2880: checking for suffix of executables
configure:2887: gcc -o conftest    conftest.c  >&5
configure:2891: $? = 0
configure:2913: result: 
configure:2935: checking whether we are cross compiling
configure:2943: gcc -o conftest    conftest.c  >&5
configure:2947: $? = 0
configure:2954: ./conftest
configure:2958: $? = 0
configure:2973: result: no
configure:2978: checking for suffix of object files
configure:3000: gcc -c   conftest.c >&5
configure:3004: $? = 0
configure:3025: result: o
configure:3029: checking whether we are using the GNU C compiler
configure:3048: gcc -c   conftest.c >&5
configure:3048: $? = 0
configure:3057: result: yes
configure:3066: checking whether gcc accepts -g
configure:3086: gcc -c -g  conftest.c >&5
configure:3086: $? = 0
configure:3127: result: yes
configure:3144: checking for gcc option to accept ISO C89
configure:3207: gcc  -c -g -O2  conftest.c >&5
configure:3207: $? = 0
configure:3220: result: none needed
configure:3245: checking whether gcc understands -c and -o together
configure:3267: gcc -c conftest.c -o conftest2.o
configure:3270: $? = 0
configure:3267: gcc -c conftest.c -o conftest2.o
configure:3270: $? = 0
configure:3282: result: yes
configure:3310: checking for style of include used by make
configure:3338: result: GNU
configure:3364: checking dependency style of gcc
configure:3475: result: gcc3
configure:3548: checking for g++
configure:3564: found /usr/bin/g++
configure:3575: result: g++
configure:3602: checking for C++ compiler version
configure:3611: g++ --version >&5
Apple LLVM version 6.0 (clang-600.0.57) (based on LLVM 3.5svn)
Target: x86_64-apple-darwin13.4.0
Thread model: posix
configure:3622: $? = 0
configure:3611: g++ -v >&5
Apple LLVM version 6.0 (clang-600.0.57) (based on LLVM 3.5svn)
Target: x86_64-apple-darwin13.4.0
Thread model: posix
configure:3622: $? = 0
configure:3611: g++ -V >&5
clang: error: argument to '-V' is missing (expected 1 value)
clang: error: no input files
configure:3622: $? = 1
configure:3611: g++ -qversion >&5
clang: error: unknown argument: '-qversion'
clang: error: no input files
configure:3622: $? = 1
configure:3626: checking whether we are using the GNU C++ compiler
configure:3645: g++ -c   conftest.cpp >&5
configure:3645: $? = 0
configure:3654: result: yes
configure:3663: checking whether g++ accepts -g
configure:3683: g++ -c -g  conftest.cpp >&5
configure:3683: $? = 0
configure:3724: result: yes
configure:3749: checking dependency style of g++
configure:3860: result: gcc3
configure:3995: checking that generated files are newer than configure
configure:4001: result: done
configure:4028: creating ./config.status

## ---------------------- ##
## Running config.status. ##
## ---------------------- ##

This file was extended by matrix_subgroup_finder config.status 1.0, which was
generated by GNU Autoconf 2.69.  Invocation command line was

  CONFIG_FILES    = 
  CONFIG_HEADERS  = 
  CONFIG_LINKS    = 
  CONFIG_COMMANDS = 
  $ ./config.status 

on Roberts-MacBook-Air-3.local

config.status:846: creating Makefile
config.status:846: creating src/Makefile
config.status:846: creating config.h
config.status:1075: executing depfiles commands

## ---------------- ##
## Cache variables. ##
## ---------------- ##

ac_cv_c_compiler_gnu=yes
ac_cv_cxx_compiler_gnu=yes
ac_cv_env_CCC_set=
ac_cv_env_CCC_value=
ac_cv_env_CC_set=
ac_cv_env_CC_value=
ac_cv_env_CFLAGS_set=
ac_cv_env_CFLAGS_value=
ac_cv_env_CPPFLAGS_set=
ac_cv_env_CPPFLAGS_value=
ac_cv_env_CXXFLAGS_set=
ac_cv_env_CXXFLAGS_value=
ac_cv_env_CXX_set=
ac_cv_env_CXX_value=
ac_cv_env_LDFLAGS_set=
ac_cv_env_LDFLAGS_value=
ac_cv_env_LIBS_set=
ac_cv_env_LIBS_value=
ac_cv_env_build_alias_set=
ac_cv_env_build_alias_value=
ac_cv_env_host_alias_set=
ac_cv_env_host_alias_value=
ac_cv_env_target_alias_set=
ac_cv_env_target_alias_value=
ac_cv_objext=o
ac_cv_path_install='/usr/bin/install -c'
ac_cv_prog_AWK=awk
ac_cv_prog_ac_ct_CC=gcc
ac_cv_prog_ac_ct_CXX=g++
ac_cv_prog_cc_c89=
ac_cv_prog_cc_g=yes
ac_cv_prog_cxx_g=yes
ac_cv_prog_make_make_set=yes
am_cv_CC_dependencies_compiler_type=gcc3
am_cv_CXX_dependencies_compiler_type=gcc3
am_cv_make_support_nested_variables=yes
am_cv_prog_cc_c_o=yes

## ----------------- ##
## Output variables. ##
## ----------------- ##

ACLOCAL='${SHELL} /Users/robertk/dev/matrix-subgroup-finder/missing aclocal-1.15'
AMDEPBACKSLASH='\'
AMDEP_FALSE='#'
AMDEP_TRUE=''
AMTAR='$${TAR-tar}'
AM_BACKSLASH='\'
AM_DEFAULT_V='$(AM_DEFAULT_VERBOSITY)'
AM_DEFAULT_VERBOSITY='1'
AM_V='$(V)'
AUTOCONF='${SHELL} /Users/robertk/dev/matrix-subgroup-finder/missing autoconf'
AUTOHEADER='${SHELL} /Users/robertk/dev/matrix-subgroup-finder/missing autoheader'
AUTOMAKE='${SHELL} /Users/robertk/dev/matrix-subgroup-finder/missing automake-1.15'
AWK='awk'
CC='gcc'
CCDEPMODE='depmode=gcc3'
CFLAGS='-g -O2'
CPPFLAGS=''
CXX='g++'
CXXDEPMODE='depmode=gcc3'
CXXFLAGS='-g -O2'
CYGPATH_W='echo'
DEFS='-DHAVE_CONFIG_H'
DEPDIR='.deps'
ECHO_C='\c'
ECHO_N=''
ECHO_T=''
EXEEXT=''
INSTALL_DATA='${INSTALL} -m 644'
INSTALL_PROGRAM='${INSTALL}'
INSTALL_SCRIPT='${INSTALL}'
INSTALL_STRIP_PROGRAM='$(install_sh) -c -s'
LDFLAGS=''
LIBOBJS=''
LIBS=''
LTLIBOBJS=''
MAKEINFO='${SHELL} /Users/robertk/dev/matrix-subgroup-finder/missing makeinfo'
MKDIR_P='./install-sh -c -d'
OBJEXT='o'
PACKAGE='matrix_subgroup_finder'
PACKAGE_BUGREPORT='technoguyrob@gmail.com'
PACKAGE_NAME='matrix_subgroup_finder'
PACKAGE_STRING='matrix_subgroup_finder 1.0'
PACKAGE_TARNAME='matrix_subgroup_finder'
PACKAGE_URL=''
PACKAGE_VERSION='1.0'
PATH_SEPARATOR=':'
SET_MAKE=''
SHELL='/bin/sh'
STRIP=''
VERSION='1.0'
ac_ct_CC='gcc'
ac_ct_CXX='g++'
am__EXEEXT_FALSE=''
am__EXEEXT_TRUE='#'
am__fastdepCC_FALSE='#'
am__fastdepCC_TRUE=''
am__fastdepCXX_FALSE='#'
am__fastdepCXX_TRUE=''
am__include='include'
am__isrc=''
am__leading_dot='.'
am__nodep='_no'
am__quote=''
am__tar='$${TAR-tar} chof - "$$tardir"'
am__untar='$${TAR-tar} xf -'
bindir='${exec_prefix}/bin'
build_alias=''
datadir='${datarootdir}'
datarootdir='${prefix}/share'
docdir='${datarootdir}/doc/${PACKAGE_TARNAME}'
dvidir='${docdir}'
exec_prefix='${prefix}'
host_alias=''
htmldir='${docdir}'
includedir='${prefix}/include'
infodir='${datarootdir}/info'
install_sh='${SHELL} /Users/robertk/dev/matrix-subgroup-finder/install-sh'
libdir='${exec_prefix}/lib'
libexecdir='${exec_prefix}/libexec'
localedir='${datarootdir}/locale'
localstatedir='${prefix}/var'
mandir='${datarootdir}/man'
mkdir_p='$(MKDIR_P)'
oldincludedir='/usr/include'
pdfdir='${docdir}'
prefix='/usr/local'
program_transform_name='s,x,x,'
psdir='${docdir}'
sbindir='${exec_prefix}/sbin'
sharedstatedir='${prefix}/com'
sysconfdir='${prefix}/etc'
target_alias=''

## ----------- ##
## confdefs.h. ##
## ----------- ##

/* confdefs.h */
#define PACKAGE_NAME "matrix_subgroup_finder"
#define PACKAGE_TARNAME "matrix_subgroup_finder"
#define PACKAGE_VERSION "1.0"
#define PACKAGE_STRING "matrix_subgroup_finder 1.0"
#define PACKAGE_BUGREPORT "technoguyrob@gmail.com"
#define PACKAGE_URL ""
#define PACKAGE "matrix_subgroup_finder"
#define VERSION "1.0"

configure: exit 0
